<?xml version="1.0" encoding="UTF-8"?>
<!-- Generated by org.testng.reporters.JUnitReportReporter -->
<testsuite hostname="LAPTOP-OQUU7BNM" failures="0" tests="6" name="Automation2_TC.TC_09" time="12.224" errors="0" timestamp="2024-02-15T12:11:30 IST" skipped="0">
  <testcase classname="Automation2_TC.TC_09" name="product" time="2.609"/>
  <system-out/>
  <testcase classname="Automation2_TC.TC_09" name="verifyallproducts" time="0.011"/>
  <system-out/>
  <testcase classname="Automation2_TC.TC_09" name="launchbrowser" time="7.910"/>
  <system-out/>
  <testcase classname="Automation2_TC.TC_09" name="verifyhomepage" time="0.006"/>
  <system-out/>
  <testcase classname="Automation2_TC.TC_09" name="verifysearchproducts" time="0.006"/>
  <system-out/>
  <testcase classname="Automation2_TC.TC_09" name="searchproduct" time="1.682"/>
  <system-out/>
</testsuite> <!-- Automation2_TC.TC_09 -->
