<?xml version="1.0" encoding="UTF-8"?>
<!-- Generated by org.testng.reporters.JUnitReportReporter -->
<testsuite hostname="LAPTOP-OQUU7BNM" failures="0" tests="6" name="Automation2_TC.TC_10" time="5.590" errors="0" timestamp="2024-02-15T12:26:21 IST" skipped="0">
  <testcase classname="Automation2_TC.TC_10" name="launchbrowser" time="5.268"/>
  <system-out/>
  <testcase classname="Automation2_TC.TC_10" name="scrolldown" time="0.031"/>
  <system-out/>
  <testcase classname="Automation2_TC.TC_10" name="subsdetails" time="0.272"/>
  <system-out/>
  <testcase classname="Automation2_TC.TC_10" name="verifyhomepage" time="0.007"/>
  <system-out/>
  <testcase classname="Automation2_TC.TC_10" name="verifysuccessmessage" time="0.005"/>
  <system-out/>
  <testcase classname="Automation2_TC.TC_10" name="verifysubscription" time="0.007"/>
  <system-out/>
</testsuite> <!-- Automation2_TC.TC_10 -->
