<?xml version="1.0" encoding="UTF-8"?>
<!-- Generated by org.testng.reporters.JUnitReportReporter -->
<testsuite hostname="LAPTOP-OQUU7BNM" failures="0" tests="6" name="Automation2_TC.TC_26" time="6.999" errors="0" timestamp="2024-02-15T14:49:41 IST" skipped="0">
  <testcase classname="Automation2_TC.TC_26" name="launchbrowser" time="6.915"/>
  <system-out/>
  <testcase classname="Automation2_TC.TC_26" name="verifyhomepage" time="0.010"/>
  <system-out/>
  <testcase classname="Automation2_TC.TC_26" name="scrolldown" time="0.019"/>
  <system-out/>
  <testcase classname="Automation2_TC.TC_26" name="scrollup" time="0.035"/>
  <system-out/>
  <testcase classname="Automation2_TC.TC_26" name="verifyautomationexcerise" time="0.010"/>
  <system-out/>
  <testcase classname="Automation2_TC.TC_26" name="verifysubscription" time="0.010"/>
  <system-out/>
</testsuite> <!-- Automation2_TC.TC_26 -->
