<?xml version="1.0" encoding="UTF-8"?>
<!-- Generated by org.testng.reporters.JUnitReportReporter -->
<testsuite hostname="LAPTOP-OQUU7BNM" failures="0" tests="6" name="Automation2_TC.TC_05" time="7.760" errors="0" timestamp="2024-02-14T17:22:59 IST" skipped="0">
  <testcase classname="Automation2_TC.TC_05" name="verifynewusersignup" time="0.010"/>
  <system-out/>
  <testcase classname="Automation2_TC.TC_05" name="verifyhomepage" time="0.030"/>
  <system-out/>
  <testcase classname="Automation2_TC.TC_05" name="incorrectlogin" time="0.020"/>
  <system-out/>
  <testcase classname="Automation2_TC.TC_05" name="signup" time="0.738"/>
  <system-out/>
  <testcase classname="Automation2_TC.TC_05" name="verifysignup" time="0.527"/>
  <system-out/>
  <testcase classname="Automation2_TC.TC_05" name="launchbrowser" time="6.435"/>
  <system-out/>
</testsuite> <!-- Automation2_TC.TC_05 -->
