<?xml version="1.0" encoding="UTF-8"?>
<!-- Generated by org.testng.reporters.JUnitReportReporter -->
<testsuite hostname="LAPTOP-OQUU7BNM" failures="0" tests="1" name="Scenarios.Sc2" time="4.030" errors="0" timestamp="2024-02-21T22:18:32 IST" skipped="0">
  <testcase classname="Scenarios.Sc2" name="test" time="4.030"/>
  <system-out/>
</testsuite> <!-- Scenarios.Sc2 -->
