<?xml version="1.0" encoding="UTF-8"?>
<!-- Generated by org.testng.reporters.JUnitReportReporter -->
<testsuite hostname="LAPTOP-OQUU7BNM" failures="0" tests="6" name="Automation2_TC.TC_03" time="17.525" errors="0" timestamp="2024-02-15T14:22:29 IST" skipped="0">
  <testcase classname="Automation2_TC.TC_03" name="incorrectlogin" time="0.018"/>
  <system-out/>
  <testcase classname="Automation2_TC.TC_03" name="launchbrowser" time="14.622"/>
  <system-out/>
  <testcase classname="Automation2_TC.TC_03" name="signup" time="1.343"/>
  <system-out/>
  <testcase classname="Automation2_TC.TC_03" name="verifyhomepage" time="0.018"/>
  <system-out/>
  <testcase classname="Automation2_TC.TC_03" name="verifylogin" time="1.517"/>
  <system-out/>
  <testcase classname="Automation2_TC.TC_03" name="verifylogintext" time="0.007"/>
  <system-out/>
</testsuite> <!-- Automation2_TC.TC_03 -->
