<?xml version="1.0" encoding="UTF-8"?>
<!-- Generated by org.testng.reporters.JUnitReportReporter -->
<testsuite hostname="LAPTOP-OQUU7BNM" failures="0" tests="7" name="Automation2_TC.TC_04" time="13.601" errors="0" timestamp="2024-02-14T16:49:51 IST" skipped="0">
  <testcase classname="Automation2_TC.TC_04" name="verifyhomepage" time="0.026"/>
  <system-out/>
  <testcase classname="Automation2_TC.TC_04" name="verifyloginasuser" time="0.010"/>
  <system-out/>
  <testcase classname="Automation2_TC.TC_04" name="verifylogin" time="1.663"/>
  <system-out/>
  <testcase classname="Automation2_TC.TC_04" name="verifylogout" time="1.353"/>
  <system-out/>
  <testcase classname="Automation2_TC.TC_04" name="verifylogintext" time="0.011"/>
  <system-out/>
  <testcase classname="Automation2_TC.TC_04" name="launchbrowser" time="9.753"/>
  <system-out/>
  <testcase classname="Automation2_TC.TC_04" name="signup" time="0.785"/>
  <system-out/>
</testsuite> <!-- Automation2_TC.TC_04 -->
